2017-05-04 16:14:16,306 [Worker-1] INFO  c.g.t.t.d.PublishedGradleVersions - Gradle version information cache is up-to-date. Trying to read.
2017-05-04 16:18:39,603 [Worker-7] INFO  o.e.m.c.i.l.LifecycleMappingFactory - Using NULL lifecycle mapping for MavenProject: swt1:iMage:0.0.1-SNAPSHOT @ /home/joshua/swt1/iMage/pom.xml.
2017-05-04 16:19:19,492 [Worker-13] INFO  o.e.m.c.i.l.LifecycleMappingFactory - Using NULL lifecycle mapping for MavenProject: swt1:iMage:0.0.1-SNAPSHOT @ /home/joshua/swt1/iMage/pom.xml.
2017-05-04 16:19:36,967 [Worker-12] INFO  o.e.m.c.i.l.LifecycleMappingFactory - Using NULL lifecycle mapping for MavenProject: swt1:iMage:0.0.1-SNAPSHOT @ /home/joshua/swt1/iMage/pom.xml.
2017-05-04 16:20:20,600 [Worker-11] INFO  o.e.m.c.i.l.LifecycleMappingFactory - Using NULL lifecycle mapping for MavenProject: swt1:iMage:0.0.1-SNAPSHOT @ /home/joshua/swt1/iMage/pom.xml.
2017-05-04 16:20:38,172 [Worker-15] INFO  o.e.m.c.i.l.LifecycleMappingFactory - Using NULL lifecycle mapping for MavenProject: swt1:iMage:0.0.1-SNAPSHOT @ /home/joshua/swt1/iMage/pom.xml.
2017-05-04 16:23:21,227 [Worker-12] INFO  o.e.m.i.launch.MavenLaunchDelegate - /home/joshua/swt1/iMage
2017-05-04 16:23:21,227 [Worker-12] INFO  o.e.m.i.launch.MavenLaunchDelegate -  mvn -B clean package
2017-05-04 16:24:57,635 [Worker-18] INFO  o.e.m.c.i.l.LifecycleMappingFactory - Using org.eclipse.m2e.jdt.JarLifecycleMapping lifecycle mapping for MavenProject: swt1:jmjrst.main:0.0.1-SNAPSHOT @ /home/joshua/swt1/iMage/jmjrst.main/pom.xml.
2017-05-04 16:24:57,868 [Worker-18] INFO  o.e.m.j.i.AbstractJavaProjectConfigurator - Adding source folder /jmjrst.main/src/main/java
2017-05-04 16:24:57,870 [Worker-18] INFO  o.e.m.j.i.AbstractJavaProjectConfigurator - Adding resource folder /jmjrst.main/src/main/resources
2017-05-04 16:24:57,872 [Worker-18] INFO  o.e.m.j.i.AbstractJavaProjectConfigurator - Adding source folder /jmjrst.main/src/test/java
2017-05-04 16:24:57,872 [Worker-18] INFO  o.e.m.j.i.AbstractJavaProjectConfigurator - Adding resource folder /jmjrst.main/src/test/resources
2017-05-04 16:24:58,680 [Worker-19] INFO  o.e.m.c.i.embedder.EclipseLogger - Using 'UTF-8' encoding to copy filtered resources.
2017-05-04 16:24:58,691 [Worker-19] INFO  o.e.m.c.i.embedder.EclipseLogger - Copying 0 resource
2017-05-04 16:24:58,693 [Worker-19] INFO  o.e.m.c.i.embedder.EclipseLogger - Using 'UTF-8' encoding to copy filtered resources.
2017-05-04 16:24:58,693 [Worker-19] INFO  o.e.m.c.i.embedder.EclipseLogger - Copying 0 resource
2017-05-04 16:29:21,332 [Worker-11] INFO  o.e.m.c.i.embedder.EclipseLogger - Using 'UTF-8' encoding to copy filtered resources.
2017-05-04 16:29:21,337 [Worker-11] INFO  o.e.m.c.i.embedder.EclipseLogger - Copying 17 resources
2017-05-04 16:29:21,366 [Worker-11] INFO  o.e.m.c.i.embedder.EclipseLogger - Using 'UTF-8' encoding to copy filtered resources.
2017-05-04 16:29:21,366 [Worker-11] INFO  o.e.m.c.i.embedder.EclipseLogger - Copying 0 resource
2017-05-04 16:29:23,413 [Worker-12] INFO  o.e.m.c.i.p.ProjectConfigurationManager - Update started
2017-05-04 16:29:23,588 [Worker-12] INFO  o.e.m.c.i.l.LifecycleMappingFactory - Using NULL lifecycle mapping for MavenProject: swt1:iMage:0.0.1-SNAPSHOT @ /home/joshua/swt1/iMage/pom.xml.
2017-05-04 16:29:23,975 [Worker-12] INFO  o.e.m.c.i.l.LifecycleMappingFactory - Using org.eclipse.m2e.jdt.JarLifecycleMapping lifecycle mapping for MavenProject: swt1:jmjrst.main:0.0.1-SNAPSHOT @ /home/joshua/swt1/iMage/jmjrst.main/pom.xml.
2017-05-04 16:29:24,315 [Worker-12] INFO  o.e.m.j.i.AbstractJavaProjectConfigurator - Adding source folder /jmjrst.main/src/main/java
2017-05-04 16:29:24,315 [Worker-12] INFO  o.e.m.j.i.AbstractJavaProjectConfigurator - Adding resource folder /jmjrst.main/src/main/resources
2017-05-04 16:29:24,316 [Worker-12] INFO  o.e.m.j.i.AbstractJavaProjectConfigurator - Adding source folder /jmjrst.main/src/test/java
2017-05-04 16:29:24,316 [Worker-12] INFO  o.e.m.j.i.AbstractJavaProjectConfigurator - Adding resource folder /jmjrst.main/src/test/resources
2017-05-04 16:29:24,421 [Worker-12] INFO  o.e.m.c.i.p.ProjectConfigurationManager - Update completed: 1 sec
2017-05-04 16:29:25,163 [Worker-11] INFO  o.e.m.c.i.embedder.EclipseLogger - Using 'UTF-8' encoding to copy filtered resources.
2017-05-04 16:29:25,164 [Worker-11] INFO  o.e.m.c.i.embedder.EclipseLogger - Copying 17 resources
2017-05-04 16:29:25,182 [Worker-11] INFO  o.e.m.c.i.embedder.EclipseLogger - Using 'UTF-8' encoding to copy filtered resources.
2017-05-04 16:29:25,183 [Worker-11] INFO  o.e.m.c.i.embedder.EclipseLogger - Copying 0 resource
2017-05-04 16:30:51,940 [Worker-16] INFO  o.e.m.c.i.l.LifecycleMappingFactory - Using NULL lifecycle mapping for MavenProject: swt1:iMage:0.0.1-SNAPSHOT @ /home/joshua/swt1/iMage/pom.xml.
2017-05-04 16:30:52,428 [Worker-16] INFO  o.e.m.c.i.l.LifecycleMappingFactory - Using org.eclipse.m2e.jdt.JarLifecycleMapping lifecycle mapping for MavenProject: swt1:jmjrst.main:0.0.1-SNAPSHOT @ /home/joshua/swt1/iMage/jmjrst.main/pom.xml.
2017-05-04 16:30:52,832 [Worker-16] INFO  o.e.m.c.i.embedder.EclipseLogger - Using 'UTF-8' encoding to copy filtered resources.
2017-05-04 16:30:52,834 [Worker-16] INFO  o.e.m.c.i.embedder.EclipseLogger - Copying 0 resource
2017-05-04 16:30:52,838 [Worker-16] INFO  o.e.m.c.i.embedder.EclipseLogger - Using 'UTF-8' encoding to copy filtered resources.
2017-05-04 16:30:52,838 [Worker-16] INFO  o.e.m.c.i.embedder.EclipseLogger - Copying 0 resource
2017-05-04 16:31:28,934 [Worker-11] INFO  o.e.m.c.i.embedder.EclipseLogger - Using 'UTF-8' encoding to copy filtered resources.
2017-05-04 16:31:28,934 [Worker-11] INFO  o.e.m.c.i.embedder.EclipseLogger - Copying 0 resource
2017-05-04 16:31:28,935 [Worker-11] INFO  o.e.m.c.i.embedder.EclipseLogger - Using 'UTF-8' encoding to copy filtered resources.
2017-05-04 16:31:28,935 [Worker-11] INFO  o.e.m.c.i.embedder.EclipseLogger - Copying 0 resource
2017-05-04 16:31:51,544 [Worker-21] INFO  o.e.m.c.i.embedder.EclipseLogger - Using 'UTF-8' encoding to copy filtered resources.
2017-05-04 16:31:51,545 [Worker-21] INFO  o.e.m.c.i.embedder.EclipseLogger - Copying 17 resources
2017-05-04 16:31:51,555 [Worker-21] INFO  o.e.m.c.i.embedder.EclipseLogger - Using 'UTF-8' encoding to copy filtered resources.
2017-05-04 16:31:51,555 [Worker-21] INFO  o.e.m.c.i.embedder.EclipseLogger - Copying 0 resource
2017-05-04 16:38:14,086 [Worker-12] INFO  o.e.m.c.i.embedder.EclipseLogger - Using 'UTF-8' encoding to copy filtered resources.
2017-05-04 16:38:14,086 [Worker-12] INFO  o.e.m.c.i.embedder.EclipseLogger - Copying 0 resource
2017-05-04 16:38:14,088 [Worker-12] INFO  o.e.m.c.i.embedder.EclipseLogger - Using 'UTF-8' encoding to copy filtered resources.
2017-05-04 16:38:14,088 [Worker-12] INFO  o.e.m.c.i.embedder.EclipseLogger - Copying 1 resource
2017-05-04 16:38:20,785 [Worker-16] INFO  o.e.m.c.i.l.LifecycleMappingFactory - Using org.eclipse.m2e.jdt.JarLifecycleMapping lifecycle mapping for MavenProject: swt1:jmjrst.main:0.0.1-SNAPSHOT @ /home/joshua/swt1/iMage/jmjrst.main/pom.xml.
2017-05-04 16:38:21,017 [Worker-16] INFO  o.e.m.c.i.embedder.EclipseLogger - Using 'UTF-8' encoding to copy filtered resources.
2017-05-04 16:38:21,018 [Worker-16] INFO  o.e.m.c.i.embedder.EclipseLogger - Copying 0 resource
2017-05-04 16:38:21,020 [Worker-16] INFO  o.e.m.c.i.embedder.EclipseLogger - Using 'UTF-8' encoding to copy filtered resources.
2017-05-04 16:38:21,021 [Worker-16] INFO  o.e.m.c.i.embedder.EclipseLogger - Copying 0 resource
2017-05-04 16:38:32,280 [Worker-24] INFO  o.e.m.i.launch.MavenLaunchDelegate - /home/joshua/swt1/iMage
2017-05-04 16:38:32,280 [Worker-24] INFO  o.e.m.i.launch.MavenLaunchDelegate -  mvn -B clean package
2017-05-04 16:38:42,773 [Worker-24] INFO  o.e.m.i.launch.MavenLaunchDelegate - /home/joshua/swt1/iMage
2017-05-04 16:38:42,773 [Worker-24] INFO  o.e.m.i.launch.MavenLaunchDelegate -  mvn -B clean package
